TN:
SF:C:\Users\Zachary Tu\IdeaProjects\hw4\src\actions.js
FN:0,_interopRequireWildcard
FN:21,resource
FN:32,(anonymous_3)
FN:39,navigate
FN:39,(anonymous_5)
FN:43,initialize
FN:43,(anonymous_7)
FN:48,(anonymous_8)
FN:55,(anonymous_9)
FN:58,(anonymous_10)
FN:64,error
FN:64,(anonymous_12)
FN:68,success
FN:68,(anonymous_14)
FNF:14
FNH:9
FNDA:1,_interopRequireWildcard
FNDA:13,resource
FNDA:12,(anonymous_3)
FNDA:1,navigate
FNDA:1,(anonymous_5)
FNDA:0,initialize
FNDA:0,(anonymous_7)
FNDA:0,(anonymous_8)
FNDA:0,(anonymous_9)
FNDA:0,(anonymous_10)
FNDA:2,error
FNDA:2,(anonymous_12)
FNDA:1,success
FNDA:1,(anonymous_14)
DA:0,1
DA:1,1
DA:2,1
DA:3,1
DA:4,1
DA:5,1
DA:6,1
DA:7,1
DA:8,1
DA:9,1
DA:10,1
DA:11,1
DA:12,1
DA:13,1
DA:14,1
DA:16,1
DA:17,1
DA:19,1
DA:21,1
DA:22,13
DA:29,13
DA:31,13
DA:33,12
DA:34,12
DA:39,1
DA:40,1
DA:43,1
DA:45,0
DA:47,0
DA:49,0
DA:50,0
DA:54,0
DA:56,0
DA:57,0
DA:58,0
DA:64,2
DA:65,2
DA:68,1
DA:69,1
LF:39
LH:31
BRDA:0,1,0,1
BRDA:0,1,1,0
BRDA:0,2,0,1
BRDA:0,2,1,1
BRDA:0,3,0,0
BRDA:0,3,1,0
BRDA:0,4,0,0
BRDA:0,4,1,0
BRDA:29,5,0,4
BRDA:29,5,1,9
BRDA:33,6,0,12
BRDA:33,6,1,0
BRDA:34,7,0,8
BRDA:34,7,1,4
BRDA:49,8,0,0
BRDA:49,8,1,0
BRF:16
BRH:13
end_of_record
TN:
SF:C:\Users\Zachary Tu\IdeaProjects\hw4\src\components\auth\authActions.js
FN:0,_interopRequireWildcard
FN:3,loginAuth
FN:3,(anonymous_3)
FN:5,(anonymous_4)
FN:12,(anonymous_5)
FN:15,regisAuth
FN:15,(anonymous_7)
FN:46,(anonymous_8)
FN:51,(anonymous_9)
FN:55,logoutAuth
FN:55,(anonymous_11)
FN:57,(anonymous_12)
FN:60,(anonymous_13)
FNF:13
FNH:8
FNDA:1,_interopRequireWildcard
FNDA:2,loginAuth
FNDA:2,(anonymous_3)
FNDA:2,(anonymous_4)
FNDA:1,(anonymous_5)
FNDA:0,regisAuth
FNDA:0,(anonymous_7)
FNDA:0,(anonymous_8)
FNDA:0,(anonymous_9)
FNDA:1,logoutAuth
FNDA:1,(anonymous_11)
FNDA:1,(anonymous_12)
FNDA:0,(anonymous_13)
DA:0,1
DA:1,1
DA:3,2
DA:4,2
DA:6,2
DA:7,2
DA:9,0
DA:12,1
DA:15,1
DA:17,0
DA:18,0
DA:21,0
DA:22,0
DA:25,0
DA:26,0
DA:29,0
DA:30,0
DA:33,0
DA:34,0
DA:37,0
DA:38,0
DA:41,0
DA:42,0
DA:45,0
DA:47,0
DA:49,0
DA:51,0
DA:55,1
DA:56,1
DA:58,1
DA:60,0
LF:31
LH:11
BRDA:0,1,0,1
BRDA:0,1,1,0
BRDA:0,2,0,1
BRDA:0,2,1,1
BRDA:0,3,0,0
BRDA:0,3,1,0
BRDA:0,4,0,0
BRDA:0,4,1,0
BRDA:6,5,0,2
BRDA:6,5,1,0
BRDA:17,6,0,0
BRDA:17,6,1,0
BRDA:21,7,0,0
BRDA:21,7,1,0
BRDA:25,8,0,0
BRDA:25,8,1,0
BRDA:29,9,0,0
BRDA:29,9,1,0
BRDA:33,10,0,0
BRDA:33,10,1,0
BRDA:37,11,0,0
BRDA:37,11,1,0
BRDA:41,12,0,0
BRDA:41,12,1,0
BRF:24
BRH:9
end_of_record
TN:
SF:C:\Users\Zachary Tu\IdeaProjects\hw4\src\components\profile\profileActions.js
FN:0,_interopRequireWildcard
FN:3,updateStatus
FN:4,(anonymous_3)
FN:6,(anonymous_4)
FN:7,(anonymous_5)
FN:11,updateZipcode
FN:12,(anonymous_7)
FN:14,(anonymous_8)
FN:15,(anonymous_9)
FN:19,updateEmail
FN:20,(anonymous_11)
FN:22,(anonymous_12)
FN:23,(anonymous_13)
FN:27,updatePassword
FN:28,(anonymous_15)
FN:30,(anonymous_16)
FN:31,(anonymous_17)
FN:35,updateInfo
FN:37,(anonymous_19)
FN:83,getInfo
FN:83,(anonymous_21)
FN:85,(anonymous_22)
FN:88,(anonymous_23)
FN:91,(anonymous_24)
FN:94,(anonymous_25)
FNF:25
FNH:10
FNDA:1,_interopRequireWildcard
FNDA:1,updateStatus
FNDA:1,(anonymous_3)
FNDA:1,(anonymous_4)
FNDA:0,(anonymous_5)
FNDA:0,updateZipcode
FNDA:0,(anonymous_7)
FNDA:0,(anonymous_8)
FNDA:0,(anonymous_9)
FNDA:0,updateEmail
FNDA:0,(anonymous_11)
FNDA:0,(anonymous_12)
FNDA:0,(anonymous_13)
FNDA:0,updatePassword
FNDA:0,(anonymous_15)
FNDA:0,(anonymous_16)
FNDA:0,(anonymous_17)
FNDA:0,updateInfo
FNDA:0,(anonymous_19)
FNDA:1,getInfo
FNDA:1,(anonymous_21)
FNDA:1,(anonymous_22)
FNDA:1,(anonymous_23)
FNDA:1,(anonymous_24)
FNDA:1,(anonymous_25)
DA:0,1
DA:1,1
DA:3,1
DA:4,1
DA:5,1
DA:6,1
DA:7,0
DA:11,1
DA:12,0
DA:13,0
DA:14,0
DA:15,0
DA:19,1
DA:20,0
DA:21,0
DA:22,0
DA:23,0
DA:27,1
DA:28,0
DA:29,0
DA:30,0
DA:31,0
DA:35,1
DA:37,0
DA:38,0
DA:40,0
DA:42,0
DA:43,0
DA:44,0
DA:47,0
DA:48,0
DA:49,0
DA:50,0
DA:52,0
DA:55,0
DA:56,0
DA:57,0
DA:58,0
DA:60,0
DA:63,0
DA:64,0
DA:65,0
DA:66,0
DA:68,0
DA:71,0
DA:72,0
DA:73,0
DA:74,0
DA:76,0
DA:79,0
DA:83,1
DA:84,1
DA:85,1
DA:87,1
DA:88,1
DA:90,1
DA:91,1
DA:93,1
DA:94,1
LF:59
LH:19
BRDA:0,1,0,1
BRDA:0,1,1,0
BRDA:0,2,0,1
BRDA:0,2,1,1
BRDA:0,3,0,0
BRDA:0,3,1,0
BRDA:0,4,0,0
BRDA:0,4,1,0
BRDA:42,5,0,0
BRDA:42,5,1,0
BRDA:47,6,0,0
BRDA:47,6,1,0
BRDA:48,7,0,0
BRDA:48,7,1,0
BRDA:55,8,0,0
BRDA:55,8,1,0
BRDA:56,9,0,0
BRDA:56,9,1,0
BRDA:63,10,0,0
BRDA:63,10,1,0
BRDA:64,11,0,0
BRDA:64,11,1,0
BRDA:71,12,0,0
BRDA:71,12,1,0
BRDA:72,13,0,0
BRDA:72,13,1,0
BRF:26
BRH:8
end_of_record
TN:
SF:C:\Users\Zachary Tu\IdeaProjects\hw4\src\actions.spec.js
FN:0,_interopRequireWildcard
FN:0,_interopRequireDefault
FN:6,(anonymous_3)
FN:10,(anonymous_4)
FN:14,(anonymous_5)
FN:21,(anonymous_6)
FN:32,(anonymous_7)
FN:38,(anonymous_8)
FN:51,(anonymous_9)
FN:61,(anonymous_10)
FN:68,(anonymous_11)
FN:70,(anonymous_12)
FN:78,(anonymous_13)
FN:80,(anonymous_14)
FN:88,(anonymous_15)
FN:90,(anonymous_16)
FNF:16
FNH:16
FNDA:1,_interopRequireWildcard
FNDA:2,_interopRequireDefault
FNDA:1,(anonymous_3)
FNDA:6,(anonymous_4)
FNDA:6,(anonymous_5)
FNDA:1,(anonymous_6)
FNDA:1,(anonymous_7)
FNDA:1,(anonymous_8)
FNDA:1,(anonymous_9)
FNDA:1,(anonymous_10)
FNDA:1,(anonymous_11)
FNDA:1,(anonymous_12)
FNDA:1,(anonymous_13)
FNDA:1,(anonymous_14)
FNDA:1,(anonymous_15)
FNDA:1,(anonymous_16)
DA:0,2
DA:1,1
DA:2,1
DA:3,1
DA:4,1
DA:6,1
DA:7,1
DA:9,1
DA:10,1
DA:11,6
DA:14,1
DA:15,6
DA:16,0
DA:17,0
DA:21,1
DA:23,1
DA:25,1
DA:31,1
DA:33,1
DA:38,1
DA:39,1
DA:45,1
DA:51,1
DA:52,1
DA:54,1
DA:60,1
DA:62,1
DA:68,1
DA:69,1
DA:71,1
DA:72,1
DA:78,1
DA:79,1
DA:81,1
DA:82,1
DA:88,1
DA:89,1
DA:91,1
DA:92,1
LF:39
LH:37
BRDA:0,1,0,1
BRDA:0,1,1,0
BRDA:0,2,0,1
BRDA:0,2,1,1
BRDA:0,3,0,0
BRDA:0,3,1,0
BRDA:0,4,0,0
BRDA:0,4,1,0
BRDA:0,5,0,0
BRDA:0,5,1,2
BRDA:0,6,0,2
BRDA:0,6,1,2
BRDA:15,7,0,0
BRDA:15,7,1,6
BRF:14
BRH:13
end_of_record
TN:
SF:C:\Users\Zachary Tu\IdeaProjects\hw4\src\components\app.js
FN:0,_interopRequireDefault
FN:8,App
FN:25,(anonymous_3)
FN:26,(anonymous_4)
FNF:4
FNH:1
FNDA:4,_interopRequireDefault
FNDA:0,App
FNDA:0,(anonymous_3)
FNDA:0,(anonymous_4)
DA:0,4
DA:1,1
DA:2,1
DA:4,1
DA:5,1
DA:6,1
DA:8,1
DA:10,0
DA:12,0
DA:14,0
DA:16,0
DA:20,1
DA:24,1
DA:25,0
DA:26,0
LF:15
LH:9
BRDA:0,1,0,3
BRDA:0,1,1,1
BRDA:0,2,0,4
BRDA:0,2,1,4
BRDA:11,3,0,0
BRDA:11,3,1,0
BRDA:11,3,2,0
BRF:7
BRH:4
end_of_record
TN:
SF:C:\Users\Zachary Tu\IdeaProjects\hw4\src\components\auth\landing.js
FN:0,_interopRequireDefault
FN:7,Landing
FN:24,(anonymous_3)
FN:25,(anonymous_4)
FNF:4
FNH:1
FNDA:3,_interopRequireDefault
FNDA:0,Landing
FNDA:0,(anonymous_3)
FNDA:0,(anonymous_4)
DA:0,3
DA:1,1
DA:2,1
DA:4,1
DA:5,1
DA:7,1
DA:10,0
DA:19,1
DA:23,1
DA:24,0
DA:25,0
LF:11
LH:8
BRDA:0,1,0,2
BRDA:0,1,1,1
BRDA:0,2,0,3
BRDA:0,2,1,3
BRF:4
BRH:4
end_of_record
TN:
SF:C:\Users\Zachary Tu\IdeaProjects\hw4\src\components\auth\login.js
FN:0,_interopRequireDefault
FN:5,Login
FN:10,_update
FN:18,ref
FN:19,ref
FN:29,(anonymous_6)
FN:30,(anonymous_7)
FN:31,update
FNF:8
FNH:1
FNDA:1,_interopRequireDefault
FNDA:0,Login
FNDA:0,_update
FNDA:0,ref
FNDA:0,ref
FNDA:0,(anonymous_6)
FNDA:0,(anonymous_7)
FNDA:0,update
DA:0,1
DA:1,1
DA:2,1
DA:3,1
DA:5,1
DA:7,0
DA:8,0
DA:10,0
DA:11,0
DA:12,0
DA:16,0
DA:18,0
DA:19,0
DA:24,1
DA:28,1
DA:29,0
DA:30,0
DA:31,0
LF:18
LH:7
BRDA:0,1,0,0
BRDA:0,1,1,1
BRDA:0,2,0,1
BRDA:0,2,1,1
BRDA:11,3,0,0
BRDA:11,3,1,0
BRDA:11,4,0,0
BRDA:11,4,1,0
BRF:8
BRH:4
end_of_record
TN:
SF:C:\Users\Zachary Tu\IdeaProjects\hw4\src\components\auth\register.js
FN:0,_interopRequireDefault
FN:5,Register
FN:8,_update
FN:16,ref
FN:17,ref
FN:18,ref
FN:19,ref
FN:20,ref
FN:21,ref
FN:22,ref
FN:32,(anonymous_11)
FN:33,(anonymous_12)
FN:34,update
FNF:13
FNH:1
FNDA:1,_interopRequireDefault
FNDA:0,Register
FNDA:0,_update
FNDA:0,ref
FNDA:0,ref
FNDA:0,ref
FNDA:0,ref
FNDA:0,ref
FNDA:0,ref
FNDA:0,ref
FNDA:0,(anonymous_11)
FNDA:0,(anonymous_12)
FNDA:0,update
DA:0,1
DA:1,1
DA:2,1
DA:3,1
DA:5,1
DA:6,0
DA:8,0
DA:9,0
DA:10,0
DA:14,0
DA:16,0
DA:17,0
DA:18,0
DA:19,0
DA:20,0
DA:21,0
DA:22,0
DA:27,1
DA:31,1
DA:32,0
DA:33,0
DA:35,0
LF:22
LH:7
BRDA:0,1,0,0
BRDA:0,1,1,1
BRDA:0,2,0,1
BRDA:0,2,1,1
BRDA:9,3,0,0
BRDA:9,3,1,0
BRDA:9,4,0,0
BRDA:9,4,1,0
BRDA:9,4,2,0
BRDA:9,4,3,0
BRDA:9,4,4,0
BRDA:9,4,5,0
BRDA:9,4,6,0
BRF:13
BRH:4
end_of_record
TN:
SF:C:\Users\Zachary Tu\IdeaProjects\hw4\src\components\main\main.js
FN:0,(anonymous_1)
FN:0,_interopRequireDefault
FN:13,Main
FN:22,_addFollow
FN:29,_filterArticles
FN:42,ref
FN:45,(anonymous_7)
FN:53,ref
FN:76,(anonymous_9)
FN:77,(anonymous_10)
FN:78,follow
FN:79,filter
FN:80,init
FNF:13
FNH:2
FNDA:0,(anonymous_1)
FNDA:6,_interopRequireDefault
FNDA:0,Main
FNDA:0,_addFollow
FNDA:0,_filterArticles
FNDA:0,ref
FNDA:0,(anonymous_7)
FNDA:0,ref
FNDA:0,(anonymous_9)
FNDA:0,(anonymous_10)
FNDA:0,follow
FNDA:0,filter
FNDA:0,init
DA:0,6
DA:1,1
DA:2,1
DA:4,1
DA:5,1
DA:6,1
DA:7,1
DA:8,1
DA:9,1
DA:10,1
DA:11,1
DA:13,1
DA:16,0
DA:20,0
DA:22,0
DA:23,0
DA:24,0
DA:25,0
DA:29,0
DA:30,0
DA:31,0
DA:32,0
DA:37,0
DA:42,0
DA:46,0
DA:53,0
DA:64,1
DA:75,1
DA:76,0
DA:77,0
DA:78,0
DA:79,0
DA:80,0
LF:33
LH:14
BRDA:0,1,0,1
BRDA:0,1,1,0
BRDA:0,2,0,0
BRDA:0,2,1,0
BRDA:0,3,0,5
BRDA:0,3,1,1
BRDA:0,4,0,6
BRDA:0,4,1,6
BRDA:16,5,0,0
BRDA:16,5,1,0
BRDA:16,6,0,0
BRDA:16,6,1,0
BRDA:16,6,2,0
BRDA:23,7,0,0
BRDA:23,7,1,0
BRDA:23,8,0,0
BRDA:23,8,1,0
BRDA:30,9,0,0
BRDA:30,9,1,0
BRF:19
BRH:8
end_of_record
TN:
SF:C:\Users\Zachary Tu\IdeaProjects\hw4\src\components\main\nav.js
FN:0,_interopRequireDefault
FN:7,Nav
FN:9,_logout
FN:13,_profile
FN:30,(anonymous_5)
FN:31,(anonymous_6)
FN:32,update
FN:33,navigate
FNF:8
FNH:1
FNDA:1,_interopRequireDefault
FNDA:0,Nav
FNDA:0,_logout
FNDA:0,_profile
FNDA:0,(anonymous_5)
FNDA:0,(anonymous_6)
FNDA:0,update
FNDA:0,navigate
DA:0,1
DA:1,1
DA:2,1
DA:4,1
DA:5,1
DA:7,1
DA:9,0
DA:13,0
DA:14,0
DA:17,0
DA:24,1
DA:29,1
DA:30,0
DA:31,0
DA:32,0
DA:33,0
LF:16
LH:8
BRDA:0,1,0,0
BRDA:0,1,1,1
BRDA:0,2,0,1
BRDA:0,2,1,1
BRF:4
BRH:4
end_of_record
TN:
SF:C:\Users\Zachary Tu\IdeaProjects\hw4\src\components\main\headline.js
FN:0,_interopRequireDefault
FN:5,Headline
FN:9,_update
FN:19,ref
FN:30,(anonymous_5)
FN:31,(anonymous_6)
FN:31,update
FNF:7
FNH:1
FNDA:1,_interopRequireDefault
FNDA:0,Headline
FNDA:0,_update
FNDA:0,ref
FNDA:0,(anonymous_5)
FNDA:0,(anonymous_6)
FNDA:0,update
DA:0,1
DA:1,1
DA:2,1
DA:3,1
DA:5,1
DA:7,0
DA:9,0
DA:10,0
DA:11,0
DA:12,0
DA:16,0
DA:19,0
DA:24,1
DA:29,1
DA:30,0
DA:31,0
LF:16
LH:7
BRDA:0,1,0,0
BRDA:0,1,1,1
BRDA:0,2,0,1
BRDA:0,2,1,1
BRDA:10,3,0,0
BRDA:10,3,1,0
BRF:6
BRH:4
end_of_record
TN:
SF:C:\Users\Zachary Tu\IdeaProjects\hw4\src\components\main\followers.js
FN:0,_interopRequireDefault
FN:5,Followers
FN:18,(anonymous_3)
FN:20,unfollow
FNF:4
FNH:1
FNDA:1,_interopRequireDefault
FNDA:0,Followers
FNDA:0,(anonymous_3)
FNDA:0,unfollow
DA:0,1
DA:1,1
DA:2,1
DA:3,1
DA:5,1
DA:7,0
DA:13,1
DA:18,1
DA:19,0
DA:20,0
LF:10
LH:7
BRDA:0,1,0,0
BRDA:0,1,1,1
BRDA:0,2,0,1
BRDA:0,2,1,1
BRF:4
BRH:4
end_of_record
TN:
SF:C:\Users\Zachary Tu\IdeaProjects\hw4\src\components\main\followingActions.js
FN:0,_interopRequireWildcard
FN:4,addFollow
FN:5,(anonymous_3)
FN:11,(anonymous_4)
FN:19,(anonymous_5)
FN:24,removeFollow
FN:25,(anonymous_7)
FN:27,(anonymous_8)
FN:31,(anonymous_9)
FNF:9
FNH:1
FNDA:1,_interopRequireWildcard
FNDA:0,addFollow
FNDA:0,(anonymous_3)
FNDA:0,(anonymous_4)
FNDA:0,(anonymous_5)
FNDA:0,removeFollow
FNDA:0,(anonymous_7)
FNDA:0,(anonymous_8)
FNDA:0,(anonymous_9)
DA:0,1
DA:1,1
DA:2,1
DA:4,1
DA:5,0
DA:6,0
DA:7,0
DA:10,0
DA:12,0
DA:13,0
DA:14,0
DA:16,0
DA:19,0
DA:24,1
DA:25,0
DA:26,0
DA:28,0
DA:29,0
DA:31,0
LF:19
LH:5
BRDA:0,1,0,1
BRDA:0,1,1,0
BRDA:0,2,0,1
BRDA:0,2,1,1
BRDA:0,3,0,0
BRDA:0,3,1,0
BRDA:0,4,0,0
BRDA:0,4,1,0
BRDA:6,5,0,0
BRDA:6,5,1,0
BRDA:12,6,0,0
BRDA:12,6,1,0
BRF:12
BRH:8
end_of_record
TN:
SF:C:\Users\Zachary Tu\IdeaProjects\hw4\src\components\article\articleActions.js
FN:0,_interopRequireWildcard
FN:3,filterArticles
FN:3,(anonymous_3)
FN:5,(anonymous_4)
FN:8,(anonymous_5)
FN:9,(anonymous_6)
FN:13,getArticles
FN:13,(anonymous_8)
FN:15,(anonymous_9)
FN:18,newArticle
FN:18,(anonymous_11)
FN:21,(anonymous_12)
FN:22,(anonymous_13)
FN:25,followArticles
FN:25,(anonymous_15)
FN:27,(anonymous_16)
FN:28,(anonymous_17)
FN:31,unfollowArticles
FN:31,(anonymous_19)
FN:33,(anonymous_20)
FN:34,(anonymous_21)
FNF:21
FNH:7
FNDA:1,_interopRequireWildcard
FNDA:0,filterArticles
FNDA:0,(anonymous_3)
FNDA:0,(anonymous_4)
FNDA:0,(anonymous_5)
FNDA:0,(anonymous_6)
FNDA:1,getArticles
FNDA:1,(anonymous_8)
FNDA:1,(anonymous_9)
FNDA:1,newArticle
FNDA:1,(anonymous_11)
FNDA:1,(anonymous_12)
FNDA:0,(anonymous_13)
FNDA:0,followArticles
FNDA:0,(anonymous_15)
FNDA:0,(anonymous_16)
FNDA:0,(anonymous_17)
FNDA:0,unfollowArticles
FNDA:0,(anonymous_19)
FNDA:0,(anonymous_20)
FNDA:0,(anonymous_21)
DA:0,1
DA:1,1
DA:3,1
DA:4,0
DA:6,0
DA:7,0
DA:8,0
DA:9,0
DA:13,1
DA:14,1
DA:15,1
DA:18,1
DA:19,1
DA:20,1
DA:21,1
DA:22,0
DA:25,1
DA:26,0
DA:27,0
DA:28,0
DA:31,1
DA:32,0
DA:33,0
DA:34,0
LF:24
LH:12
BRDA:0,1,0,1
BRDA:0,1,1,0
BRDA:0,2,0,1
BRDA:0,2,1,1
BRDA:0,3,0,0
BRDA:0,3,1,0
BRDA:0,4,0,0
BRDA:0,4,1,0
BRF:8
BRH:8
end_of_record
TN:
SF:C:\Users\Zachary Tu\IdeaProjects\hw4\src\components\article\article.js
FN:0,_interopRequireDefault
FN:5,Articles
FN:7,commentToggle
FN:30,(anonymous_4)
FNF:4
FNH:2
FNDA:2,_interopRequireDefault
FNDA:6,Articles
FNDA:0,commentToggle
FNDA:0,(anonymous_4)
DA:0,2
DA:1,1
DA:2,1
DA:3,1
DA:5,6
DA:7,6
DA:8,0
DA:9,0
DA:10,0
DA:11,0
DA:14,0
DA:15,0
DA:21,6
DA:30,0
DA:31,0
DA:38,1
DA:44,1
LF:17
LH:9
BRDA:0,1,0,1
BRDA:0,1,1,1
BRDA:0,2,0,2
BRDA:0,2,1,2
BRDA:9,3,0,0
BRDA:9,3,1,0
BRF:6
BRH:4
end_of_record
TN:
SF:C:\Users\Zachary Tu\IdeaProjects\hw4\src\components\article\comment.js
FN:0,_interopRequireDefault
FN:4,Comments
FNF:2
FNH:1
FNDA:1,_interopRequireDefault
FNDA:0,Comments
DA:0,1
DA:1,1
DA:2,1
DA:4,1
DA:6,0
DA:16,1
DA:22,1
LF:7
LH:6
BRDA:0,1,0,0
BRDA:0,1,1,1
BRDA:0,2,0,1
BRDA:0,2,1,1
BRF:4
BRH:4
end_of_record
TN:
SF:C:\Users\Zachary Tu\IdeaProjects\hw4\src\components\article\articleView.js
FN:0,(anonymous_1)
FN:0,_interopRequireDefault
FN:6,ArticleView
FN:11,(anonymous_4)
FNF:4
FNH:4
FNDA:0,(anonymous_1)
FNDA:3,_interopRequireDefault
FNDA:2,ArticleView
FNDA:6,(anonymous_4)
DA:0,3
DA:1,1
DA:2,1
DA:3,1
DA:4,1
DA:6,2
DA:8,2
DA:11,6
DA:12,6
DA:18,1
DA:24,1
LF:11
LH:11
BRDA:0,1,0,1
BRDA:0,1,1,0
BRDA:0,2,0,0
BRDA:0,2,1,0
BRDA:0,3,0,2
BRDA:0,3,1,1
BRDA:0,4,0,3
BRDA:0,4,1,3
BRF:8
BRH:8
end_of_record
TN:
SF:C:\Users\Zachary Tu\IdeaProjects\hw4\src\components\article\newArticle.js
FN:0,(anonymous_1)
FN:0,_interopRequireDefault
FN:6,NewArticle
FN:10,_postArticle
FN:17,_clearArticle
FN:27,ref
FN:41,(anonymous_7)
FN:42,(anonymous_8)
FN:42,postArticle
FNF:9
FNH:8
FNDA:0,(anonymous_1)
FNDA:2,_interopRequireDefault
FNDA:3,NewArticle
FNDA:1,_postArticle
FNDA:0,_clearArticle
FNDA:4,ref
FNDA:3,(anonymous_7)
FNDA:2,(anonymous_8)
FNDA:1,postArticle
DA:0,2
DA:1,1
DA:2,1
DA:3,1
DA:4,1
DA:6,3
DA:8,3
DA:10,3
DA:11,1
DA:12,1
DA:13,1
DA:17,3
DA:18,0
DA:19,0
DA:23,3
DA:27,4
DA:33,1
DA:40,1
DA:41,3
DA:42,2
LF:20
LH:18
BRDA:0,1,0,1
BRDA:0,1,1,0
BRDA:0,2,0,0
BRDA:0,2,1,0
BRDA:0,3,0,1
BRDA:0,3,1,1
BRDA:0,4,0,2
BRDA:0,4,1,2
BRDA:11,5,0,1
BRDA:11,5,1,0
BRDA:18,6,0,0
BRDA:18,6,1,0
BRF:12
BRH:9
end_of_record
TN:
SF:C:\Users\Zachary Tu\IdeaProjects\hw4\src\components\profile\profile.js
FN:0,_interopRequireDefault
FN:7,Profile
FN:9,_main
FN:29,(anonymous_4)
FN:30,(anonymous_5)
FN:30,update
FNF:6
FNH:1
FNDA:3,_interopRequireDefault
FNDA:0,Profile
FNDA:0,_main
FNDA:0,(anonymous_4)
FNDA:0,(anonymous_5)
FNDA:0,update
DA:0,3
DA:1,1
DA:2,1
DA:3,1
DA:4,1
DA:5,1
DA:7,1
DA:9,0
DA:10,0
DA:14,0
DA:23,1
DA:28,1
DA:29,0
DA:30,0
LF:14
LH:9
BRDA:0,1,0,2
BRDA:0,1,1,1
BRDA:0,2,0,3
BRDA:0,2,1,3
BRF:4
BRH:4
end_of_record
TN:
SF:C:\Users\Zachary Tu\IdeaProjects\hw4\src\components\profile\profileForms.js
FN:0,_interopRequireDefault
FN:5,ProfileForm
FN:8,_update
FN:33,ref
FN:34,ref
FN:35,ref
FN:36,ref
FN:37,ref
FN:38,ref
FN:49,(anonymous_10)
FN:50,(anonymous_11)
FN:51,update
FNF:12
FNH:1
FNDA:1,_interopRequireDefault
FNDA:0,ProfileForm
FNDA:0,_update
FNDA:0,ref
FNDA:0,ref
FNDA:0,ref
FNDA:0,ref
FNDA:0,ref
FNDA:0,ref
FNDA:0,(anonymous_10)
FNDA:0,(anonymous_11)
FNDA:0,update
DA:0,1
DA:1,1
DA:2,1
DA:3,1
DA:5,1
DA:6,0
DA:8,0
DA:9,0
DA:10,0
DA:11,0
DA:12,0
DA:13,0
DA:14,0
DA:15,0
DA:16,0
DA:20,0
DA:33,0
DA:34,0
DA:35,0
DA:36,0
DA:37,0
DA:38,0
DA:44,1
DA:48,1
DA:49,0
DA:51,0
DA:52,0
LF:27
LH:7
BRDA:0,1,0,0
BRDA:0,1,1,1
BRDA:0,2,0,1
BRDA:0,2,1,1
BRDA:9,3,0,0
BRDA:9,3,1,0
BRDA:9,4,0,0
BRDA:9,4,1,0
BRDA:9,4,2,0
BRDA:9,4,3,0
BRDA:9,4,4,0
BRF:11
BRH:4
end_of_record
TN:
SF:C:\Users\Zachary Tu\IdeaProjects\hw4\src\components\profile\avatar.js
FN:0,_interopRequireDefault
FN:0,_objectDestructuringEmpty
FN:4,Avatar
FN:12,(anonymous_4)
FN:13,(anonymous_5)
FNF:5
FNH:2
FNDA:1,_interopRequireDefault
FNDA:0,_objectDestructuringEmpty
FNDA:0,Avatar
FNDA:0,(anonymous_4)
FNDA:0,(anonymous_5)
DA:0,1
DA:1,1
DA:2,1
DA:4,1
DA:6,0
DA:11,1
DA:12,0
DA:13,0
LF:8
LH:5
BRDA:0,1,0,0
BRDA:0,1,1,1
BRDA:0,2,0,1
BRDA:0,2,1,1
BRDA:0,3,0,0
BRDA:0,3,1,0
BRF:6
BRH:6
end_of_record
TN:
SF:C:\Users\Zachary Tu\IdeaProjects\hw4\src\components\article\articleActions.spec.js
FN:0,_interopRequireWildcard
FN:0,_interopRequireDefault
FN:7,(anonymous_3)
FN:11,(anonymous_4)
FN:15,(anonymous_5)
FN:24,(anonymous_6)
FN:33,(anonymous_7)
FN:40,(anonymous_8)
FNF:8
FNH:8
FNDA:2,_interopRequireWildcard
FNDA:2,_interopRequireDefault
FNDA:1,(anonymous_3)
FNDA:2,(anonymous_4)
FNDA:2,(anonymous_5)
FNDA:1,(anonymous_6)
FNDA:1,(anonymous_7)
FNDA:1,(anonymous_8)
DA:0,2
DA:1,1
DA:2,1
DA:3,1
DA:4,1
DA:5,1
DA:7,1
DA:8,1
DA:10,1
DA:11,1
DA:12,2
DA:15,1
DA:16,2
DA:17,0
DA:18,0
DA:22,1
DA:24,1
DA:26,1
DA:32,1
DA:34,1
DA:40,1
DA:42,1
DA:43,1
LF:23
LH:21
BRDA:0,1,0,2
BRDA:0,1,1,0
BRDA:0,2,0,2
BRDA:0,2,1,2
BRDA:0,3,0,0
BRDA:0,3,1,0
BRDA:0,4,0,0
BRDA:0,4,1,0
BRDA:0,5,0,0
BRDA:0,5,1,2
BRDA:0,6,0,2
BRDA:0,6,1,2
BRDA:16,7,0,0
BRDA:16,7,1,2
BRF:14
BRH:13
end_of_record
TN:
SF:C:\Users\Zachary Tu\IdeaProjects\hw4\src\reducers.js
FN:0,(anonymous_1)
FN:0,_interopRequireWildcard
FN:0,_toConsumableArray
FN:5,currentPageReducer
FN:18,accountReducer
FN:36,messageReducer
FN:58,followReducer
FN:68,(anonymous_8)
FN:76,articleReducer
FN:81,(anonymous_10)
FN:96,(anonymous_11)
FN:103,keywordReducer
FNF:12
FNH:10
FNDA:0,(anonymous_1)
FNDA:1,_interopRequireWildcard
FNDA:4,_toConsumableArray
FNDA:6,currentPageReducer
FNDA:6,accountReducer
FNDA:8,messageReducer
FNDA:6,followReducer
FNDA:0,(anonymous_8)
FNDA:8,articleReducer
FNDA:2,(anonymous_10)
FNDA:0,(anonymous_11)
FNDA:8,keywordReducer
DA:0,4
DA:2,1
DA:3,1
DA:5,6
DA:6,6
DA:8,0
DA:10,0
DA:12,0
DA:14,6
DA:18,6
DA:19,6
DA:21,0
DA:22,0
DA:23,0
DA:25,0
DA:28,0
DA:32,6
DA:36,8
DA:37,8
DA:39,0
DA:41,0
DA:43,0
DA:45,0
DA:47,0
DA:49,0
DA:52,2
DA:54,6
DA:58,6
DA:59,6
DA:61,0
DA:64,0
DA:68,0
DA:70,0
DA:72,6
DA:76,8
DA:77,8
DA:79,0
DA:81,1
DA:82,2
DA:83,2
DA:85,0
DA:86,0
DA:88,0
DA:92,2
DA:96,0
DA:98,0
DA:99,5
DA:103,8
DA:104,8
DA:106,2
DA:108,6
DA:112,1
DA:121,1
LF:53
LH:29
BRDA:0,1,0,1
BRDA:0,1,1,0
BRDA:0,2,0,0
BRDA:0,2,1,0
BRDA:0,3,0,1
BRDA:0,3,1,0
BRDA:0,4,0,1
BRDA:0,4,1,1
BRDA:0,5,0,0
BRDA:0,5,1,0
BRDA:0,6,0,0
BRDA:0,6,1,0
BRDA:0,7,0,4
BRDA:0,7,1,0
BRDA:5,8,0,1
BRDA:5,8,1,5
BRDA:5,9,0,6
BRDA:5,9,1,6
BRDA:7,10,0,0
BRDA:7,10,1,0
BRDA:7,10,2,0
BRDA:7,10,3,6
BRDA:18,11,0,1
BRDA:18,11,1,5
BRDA:18,12,0,6
BRDA:18,12,1,6
BRDA:20,13,0,0
BRDA:20,13,1,0
BRDA:20,13,2,0
BRDA:20,13,3,6
BRDA:36,14,0,3
BRDA:36,14,1,5
BRDA:36,15,0,8
BRDA:36,15,1,8
BRDA:38,16,0,0
BRDA:38,16,1,0
BRDA:38,16,2,0
BRDA:38,16,3,0
BRDA:38,16,4,0
BRDA:38,16,5,0
BRDA:38,16,6,1
BRDA:38,16,7,2
BRDA:38,16,8,6
BRDA:58,17,0,1
BRDA:58,17,1,5
BRDA:58,18,0,6
BRDA:58,18,1,6
BRDA:60,19,0,0
BRDA:60,19,1,0
BRDA:60,19,2,0
BRDA:60,19,3,0
BRDA:60,19,4,6
BRDA:76,20,0,3
BRDA:76,20,1,5
BRDA:76,21,0,8
BRDA:76,21,1,8
BRDA:78,22,0,0
BRDA:78,22,1,1
BRDA:78,22,2,2
BRDA:78,22,3,0
BRDA:78,22,4,0
BRDA:78,22,5,5
BRDA:82,23,0,2
BRDA:82,23,1,0
BRDA:83,24,0,2
BRDA:83,24,1,1
BRDA:85,25,0,0
BRDA:85,25,1,0
BRDA:103,26,0,3
BRDA:103,26,1,5
BRDA:103,27,0,8
BRDA:103,27,1,8
BRDA:105,28,0,2
BRDA:105,28,1,6
BRF:74
BRH:52
end_of_record
TN:
SF:C:\Users\Zachary Tu\IdeaProjects\hw4\src\components\article\articleView.spec.js
FN:0,_interopRequireDefault
FN:15,(anonymous_2)
FN:19,(anonymous_3)
FN:23,(anonymous_4)
FN:30,(anonymous_5)
FN:50,(anonymous_6)
FNF:6
FNH:6
FNDA:6,_interopRequireDefault
FNDA:1,(anonymous_2)
FNDA:2,(anonymous_3)
FNDA:2,(anonymous_4)
FNDA:1,(anonymous_5)
FNDA:1,(anonymous_6)
DA:0,6
DA:1,1
DA:2,1
DA:3,1
DA:4,1
DA:5,1
DA:6,1
DA:7,1
DA:9,1
DA:10,1
DA:11,1
DA:13,1
DA:15,1
DA:16,1
DA:18,1
DA:19,1
DA:20,2
DA:23,1
DA:24,2
DA:25,0
DA:26,0
DA:30,1
DA:31,1
DA:32,1
DA:34,1
DA:39,1
DA:45,1
DA:46,1
DA:50,1
DA:52,1
DA:53,1
DA:55,1
DA:60,1
DA:66,1
DA:71,1
DA:73,1
DA:75,1
DA:76,1
LF:38
LH:36
BRDA:0,1,0,1
BRDA:0,1,1,5
BRDA:0,2,0,6
BRDA:0,2,1,6
BRDA:24,3,0,0
BRDA:24,3,1,2
BRF:6
BRH:5
end_of_record
TN:
SF:C:\Users\Zachary Tu\IdeaProjects\hw4\src\components\auth\authActions.spec.js
FN:0,_interopRequireWildcard
FN:0,_interopRequireDefault
FN:7,(anonymous_3)
FN:11,(anonymous_4)
FN:15,(anonymous_5)
FN:22,(anonymous_6)
FN:34,(anonymous_7)
FN:41,(anonymous_8)
FN:49,(anonymous_9)
FN:56,(anonymous_10)
FN:65,(anonymous_11)
FNF:11
FNH:11
FNDA:1,_interopRequireWildcard
FNDA:2,_interopRequireDefault
FNDA:1,(anonymous_3)
FNDA:3,(anonymous_4)
FNDA:3,(anonymous_5)
FNDA:1,(anonymous_6)
FNDA:1,(anonymous_7)
FNDA:1,(anonymous_8)
FNDA:2,(anonymous_9)
FNDA:1,(anonymous_10)
FNDA:1,(anonymous_11)
DA:0,2
DA:1,1
DA:2,1
DA:3,1
DA:4,1
DA:7,1
DA:8,1
DA:10,1
DA:11,1
DA:12,3
DA:15,1
DA:16,3
DA:17,0
DA:18,0
DA:22,1
DA:24,1
DA:25,1
DA:27,1
DA:33,1
DA:35,1
DA:41,1
DA:42,1
DA:48,1
DA:50,2
DA:56,1
DA:58,1
DA:64,1
DA:66,1
LF:28
LH:26
BRDA:0,1,0,1
BRDA:0,1,1,0
BRDA:0,2,0,1
BRDA:0,2,1,1
BRDA:0,3,0,0
BRDA:0,3,1,0
BRDA:0,4,0,0
BRDA:0,4,1,0
BRDA:0,5,0,0
BRDA:0,5,1,2
BRDA:0,6,0,2
BRDA:0,6,1,2
BRDA:16,7,0,0
BRDA:16,7,1,3
BRF:14
BRH:13
end_of_record
TN:
SF:C:\Users\Zachary Tu\IdeaProjects\hw4\src\components\profile\profileActions.spec.js
FN:0,_interopRequireWildcard
FN:0,_interopRequireDefault
FN:7,(anonymous_3)
FN:13,(anonymous_4)
FN:18,(anonymous_5)
FN:25,(anonymous_6)
FN:57,(anonymous_7)
FN:66,(anonymous_8)
FN:78,(anonymous_9)
FNF:9
FNH:9
FNDA:1,_interopRequireWildcard
FNDA:2,_interopRequireDefault
FNDA:1,(anonymous_3)
FNDA:2,(anonymous_4)
FNDA:2,(anonymous_5)
FNDA:1,(anonymous_6)
FNDA:4,(anonymous_7)
FNDA:1,(anonymous_8)
FNDA:1,(anonymous_9)
DA:0,2
DA:1,1
DA:2,1
DA:3,1
DA:4,1
DA:7,1
DA:9,1
DA:11,1
DA:13,1
DA:14,2
DA:18,1
DA:19,2
DA:20,0
DA:21,0
DA:25,1
DA:27,1
DA:28,1
DA:29,1
DA:30,1
DA:32,1
DA:38,1
DA:44,1
DA:50,1
DA:56,1
DA:58,4
DA:66,1
DA:68,1
DA:69,1
DA:71,1
DA:77,1
DA:79,1
LF:31
LH:29
BRDA:0,1,0,1
BRDA:0,1,1,0
BRDA:0,2,0,1
BRDA:0,2,1,1
BRDA:0,3,0,0
BRDA:0,3,1,0
BRDA:0,4,0,0
BRDA:0,4,1,0
BRDA:0,5,0,0
BRDA:0,5,1,2
BRDA:0,6,0,2
BRDA:0,6,1,2
BRDA:19,7,0,0
BRDA:19,7,1,2
BRF:14
BRH:13
end_of_record
TN:
SF:C:\Users\Zachary Tu\IdeaProjects\hw4\src\reducers.spec.js
FN:0,_interopRequireWildcard
FN:0,_interopRequireDefault
FN:6,(anonymous_3)
FN:8,(anonymous_4)
FN:12,(anonymous_5)
FN:19,(anonymous_6)
FN:25,(anonymous_7)
FN:31,(anonymous_8)
FN:37,(anonymous_9)
FN:43,(anonymous_10)
FN:49,(anonymous_11)
FNF:11
FNH:11
FNDA:1,_interopRequireWildcard
FNDA:2,_interopRequireDefault
FNDA:1,(anonymous_3)
FNDA:6,(anonymous_4)
FNDA:6,(anonymous_5)
FNDA:1,(anonymous_6)
FNDA:1,(anonymous_7)
FNDA:1,(anonymous_8)
FNDA:1,(anonymous_9)
FNDA:1,(anonymous_10)
FNDA:1,(anonymous_11)
DA:0,2
DA:1,1
DA:2,1
DA:3,1
DA:4,1
DA:6,1
DA:7,1
DA:8,1
DA:9,6
DA:12,1
DA:13,6
DA:14,0
DA:15,0
DA:19,1
DA:20,1
DA:21,1
DA:25,1
DA:26,1
DA:27,1
DA:31,1
DA:32,1
DA:33,1
DA:37,1
DA:38,1
DA:39,1
DA:43,1
DA:44,1
DA:45,1
DA:49,1
DA:50,1
DA:51,1
DA:52,1
DA:53,1
LF:33
LH:31
BRDA:0,1,0,1
BRDA:0,1,1,0
BRDA:0,2,0,1
BRDA:0,2,1,1
BRDA:0,3,0,0
BRDA:0,3,1,0
BRDA:0,4,0,0
BRDA:0,4,1,0
BRDA:0,5,0,0
BRDA:0,5,1,2
BRDA:0,6,0,2
BRDA:0,6,1,2
BRDA:13,7,0,0
BRDA:13,7,1,6
BRF:14
BRH:13
end_of_record
