<?xml version="1.0"?>
<testsuite name="Chrome 56.0.2924 (Windows 10 0.0.0)" package="" timestamp="2017-03-23T05:22:16" id="0" hostname="DESKTOP-U1QOBN1" tests="21" errors="0" failures="0" time="0.073">
  <properties>
    <property name="browser.fullName" value="Mozilla/5.0 (Windows NT 10.0; WOW64) AppleWebKit/537.36 (KHTML, like Gecko) Chrome/56.0.2924.87 Safari/537.36"/>
  </properties>
  <testcase name="Validate actions resource should be a resource" time="0.002" classname="Chrome_56_0_2924_(Windows_10_0_0_0).Validate actions"/>
  <testcase name="Validate actions resource should give me the http error" time="0.009" classname="Chrome_56_0_2924_(Windows_10_0_0_0).Validate actions"/>
  <testcase name="Validate actions resource should be POSTable" time="0" classname="Chrome_56_0_2924_(Windows_10_0_0_0).Validate actions"/>
  <testcase name="Validate actions should update error message" time="0" classname="Chrome_56_0_2924_(Windows_10_0_0_0).Validate actions"/>
  <testcase name="Validate actions should update success message" time="0" classname="Chrome_56_0_2924_(Windows_10_0_0_0).Validate actions"/>
  <testcase name="Validate actions should navigate to wherever" time="0" classname="Chrome_56_0_2924_(Windows_10_0_0_0).Validate actions"/>
  <testcase name="Validate article actions should fetch articles" time="0.001" classname="Chrome_56_0_2924_(Windows_10_0_0_0).Validate article actions"/>
  <testcase name="Validate article actions should update the search keyword" time="0.001" classname="Chrome_56_0_2924_(Windows_10_0_0_0).Validate article actions"/>
  <testcase name="Validate articles view should render articles" time="0.025" classname="Chrome_56_0_2924_(Windows_10_0_0_0).Validate articles view"/>
  <testcase name="Validate articles view should dispatch actions to create a new article" time="0.017" classname="Chrome_56_0_2924_(Windows_10_0_0_0).Validate articles view"/>
  <testcase name="Validate authentication should log in a user" time="0.014" classname="Chrome_56_0_2924_(Windows_10_0_0_0).Validate authentication"/>
  <testcase name="Validate authentication should not log in an invalid user" time="0.002" classname="Chrome_56_0_2924_(Windows_10_0_0_0).Validate authentication"/>
  <testcase name="Validate authentication should log out a user" time="0.001" classname="Chrome_56_0_2924_(Windows_10_0_0_0).Validate authentication"/>
  <testcase name="Validate Profile Actions should fetch the users profile information" time="0" classname="Chrome_56_0_2924_(Windows_10_0_0_0).Validate Profile Actions"/>
  <testcase name="Validate Profile Actions should update headline" time="0.001" classname="Chrome_56_0_2924_(Windows_10_0_0_0).Validate Profile Actions"/>
  <testcase name="Validate reducer should initialize state" time="0" classname="Chrome_56_0_2924_(Windows_10_0_0_0).Validate reducer"/>
  <testcase name="Validate reducer should state success" time="0" classname="Chrome_56_0_2924_(Windows_10_0_0_0).Validate reducer"/>
  <testcase name="Validate reducer should state error" time="0" classname="Chrome_56_0_2924_(Windows_10_0_0_0).Validate reducer"/>
  <testcase name="Validate reducer should set the articles" time="0" classname="Chrome_56_0_2924_(Windows_10_0_0_0).Validate reducer"/>
  <testcase name="Validate reducer should set the search keyword" time="0" classname="Chrome_56_0_2924_(Windows_10_0_0_0).Validate reducer"/>
  <testcase name="Validate reducer should filter displayed articles by the search keyword" time="0" classname="Chrome_56_0_2924_(Windows_10_0_0_0).Validate reducer"/>
  <system-out>
    <![CDATA[Chrome 56.0.2924 (Windows 10 0.0.0) LOG: '%c prev state', 'color: #9E9E9E; font-weight: bold', Object{currentPage: 'AUTH_PAGE', account: Object{}, message: '', followers: [], articles: [], keyword: ''}
,Chrome 56.0.2924 (Windows 10 0.0.0) LOG: '%c action', 'color: #03A9F4; font-weight: bold', Object{type: 'NEW_ARTICLE', post: []}
,Chrome 56.0.2924 (Windows 10 0.0.0) LOG: '%c next state', 'color: #4CAF50; font-weight: bold', Object{currentPage: 'AUTH_PAGE', account: Object{}, message: '', followers: [], articles: [], keyword: ''}

]]>
  </system-out>
  <system-err/>
</testsuite>