
> starter@1.0.0 e2e:base C:\Users\Zachary Tu\IdeaProjects\hw4
> mocha --opts e2e/mocha.opts e2e/*.spec.js "--reporter" "xunit"

<testsuite name="Mocha Tests" tests="13" failures="0" errors="0" skipped="0" timestamp="Thu, 06 Apr 2017 22:20:45 GMT" time="45.926">
<testcase classname="Test End to End Authentication" name="should register a new user" time="6.195"/>
<testcase classname="Test End to End Authentication" name="should log in as the test user" time="3.193"/>
<testcase classname="Test End to End Frontend" name="should create a new article and validate the article appears in the feed" time="2.912"/>
<testcase classname="Test End to End Frontend" name="should edit an article and validate the article text has updated" time="2.937"/>
<testcase classname="Test End to End Frontend" name="Update the status headline and verify the change" time="2.868"/>
<testcase classname="Test End to End Frontend" name="should Count the number of followed users" time="0.587"/>
<testcase classname="Test End to End Frontend" name="should add the user &quot;Follower&quot; to the list of followed users and verify the count increases by one" time="2.809"/>
<testcase classname="Test End to End Frontend" name="should remove the user &quot;Follower&quot; from the list of followed users and verify the count decreases by one" time="2.746"/>
<testcase classname="Test End to End Frontend" name="should search for &quot;Only One Article Like This&quot; and verify only one article shows, and verify the author" time="3.024"/>
<testcase classname="Test End to End Frontend" name="should navigate to the profile view, Update the users email and verify" time="7.135"/>
<testcase classname="Test End to End Frontend" name="should navigate to the profile view, Update the users zipcode and verify" time="5.083"/>
<testcase classname="Test End to End Frontend" name="should navigate to the profile view, Update the users password, verify a will not change message is returned" time="3.081"/>
<testcase classname="shutdown" name="now" time="0.084"/>
</testsuite>
